<?xml version="1.0" encoding="UTF-8"?>
<testng-results ignored="0" total="1" passed="1" failed="0" skipped="0">
  <reporter-output>
  </reporter-output>
  <suite started-at="2024-12-28T20:12:05 IST" name="Default suite" finished-at="2024-12-28T20:12:15 IST" duration-ms="9464">
    <groups>
    </groups>
    <test started-at="2024-12-28T20:12:05 IST" name="Default test" finished-at="2024-12-28T20:12:15 IST" duration-ms="9464">
      <class name="Maven_Project.Maven_Project.WindowHandles">
        <test-method signature="learnWindowHandles()[pri:0, instance:Maven_Project.Maven_Project.WindowHandles@23c30a20]" started-at="2024-12-28T20:12:05 IST" name="learnWindowHandles" finished-at="2024-12-28T20:12:15 IST" duration-ms="9432" status="PASS">
          <reporter-output>
          </reporter-output>
        </test-method> <!-- learnWindowHandles -->
      </class> <!-- Maven_Project.Maven_Project.WindowHandles -->
    </test> <!-- Default test -->
  </suite> <!-- Default suite -->
</testng-results>
