<?xml version="1.0" encoding="UTF-8"?>
<testng-results ignored="0" total="1" passed="1" failed="0" skipped="0">
  <reporter-output>
  </reporter-output>
  <suite started-at="2024-12-28T20:19:54 IST" name="Suite" finished-at="2024-12-28T20:20:10 IST" duration-ms="16245">
    <groups>
    </groups>
    <test started-at="2024-12-28T20:19:54 IST" name="Test" finished-at="2024-12-28T20:20:10 IST" duration-ms="16245">
      <class name="Maven_Project.Maven_Project.WindowHandles">
        <test-method signature="learnWindowHandles()[pri:0, instance:Maven_Project.Maven_Project.WindowHandles@4690b489]" started-at="2024-12-28T20:19:54 IST" name="learnWindowHandles" finished-at="2024-12-28T20:20:10 IST" duration-ms="16198" status="PASS">
          <reporter-output>
          </reporter-output>
        </test-method> <!-- learnWindowHandles -->
      </class> <!-- Maven_Project.Maven_Project.WindowHandles -->
    </test> <!-- Test -->
  </suite> <!-- Suite -->
</testng-results>
